<?xml version="1.0" encoding="UTF-8"?>
<!-- Generated by org.testng.reporters.JUnitReportReporter -->
<testsuite hostname="DESKTOP-5TMK05R" failures="0" tests="2" name="test.TestCase" time="21.882" errors="0" timestamp="2020-04-26T15:50:59 EDT" skipped="1">
  <testcase classname="test.TestCase" name="register" time="21.882"/>
  <testcase classname="test.TestCase" name="search">
    <skipped/>
  </testcase> <!-- search -->
</testsuite> <!-- test.TestCase -->
